Flow report for DTMF
Mon Jan 07 14:33:18 2008
Quartus II Version 7.1 Build 156 04/30/2007 SJ Full Version


---------------------
; Table of Contents ;
---------------------
  1. Legal Notice
  2. Flow Summary
  3. Flow Settings
  4. Flow Non-Default Global Settings
  5. Flow Elapsed Time
  6. Flow Log



----------------
; Legal Notice ;
----------------
Copyright (C) 1991-2007 Altera Corporation
Your use of Altera Corporation's design tools, logic functions 
and other software and tools, and its AMPP partner logic 
functions, and any output files from any of the foregoing 
(including device programming or simulation files), and any 
associated documentation or information are expressly subject 
to the terms and conditions of the Altera Program License 
Subscription Agreement, Altera MegaCore Function License 
Agreement, or other applicable license agreement, including, 
without limitation, that your use is for the sole purpose of 
programming logic devices manufactured by Altera and sold by 
Altera or its authorized distributors.  Please refer to the 
applicable agreement for further details.



+-------------------------------------------------------------------------------+
; Flow Summary                                                                  ;
+------------------------------------+------------------------------------------+
; Flow Status                        ; Successful - Mon Jan 07 14:33:17 2008    ;
; Quartus II Version                 ; 7.1 Build 156 04/30/2007 SJ Full Version ;
; Revision Name                      ; DTMF                                     ;
; Top-level Entity Name              ; DTMF                                     ;
; Family                             ; Cyclone II                               ;
; Device                             ; EP2C20F484C7                             ;
; Timing Models                      ; Final                                    ;
; Met timing requirements            ; Yes                                      ;
; Total logic elements               ; 11,523 / 18,752 ( 61 % )                 ;
;     Total combinational functions  ; 11,517 / 18,752 ( 61 % )                 ;
;     Dedicated logic registers      ; 632 / 18,752 ( 3 % )                     ;
; Total registers                    ; 632                                      ;
; Total pins                         ; 43 / 315 ( 14 % )                        ;
; Total virtual pins                 ; 0                                        ;
; Total memory bits                  ; 180,224 / 239,616 ( 75 % )               ;
; Embedded Multiplier 9-bit elements ; 52 / 52 ( 100 % )                        ;
; Total PLLs                         ; 0 / 4 ( 0 % )                            ;
+------------------------------------+------------------------------------------+


+-----------------------------------------+
; Flow Settings                           ;
+-------------------+---------------------+
; Option            ; Setting             ;
+-------------------+---------------------+
; Start date & time ; 01/07/2008 14:27:21 ;
; Main task         ; Compilation         ;
; Revision Name     ; DTMF                ;
+-------------------+---------------------+


+------------------------------------------------------------------------------+
; Flow Non-Default Global Settings                                             ;
+------------------------+----------+---------------+-------------+------------+
; Assignment Name        ; Value    ; Default Value ; Entity Name ; Section Id ;
+------------------------+----------+---------------+-------------+------------+
; ENABLE_SIGNALTAP       ; Off      ; --            ; --          ; --         ;
; FITTER_EFFORT          ; Fast Fit ; Auto Fit      ; --          ; --         ;
; PARTITION_NETLIST_TYPE ; SOURCE   ; --            ; --          ; Top        ;
; USE_SIGNALTAP_FILE     ; stp1.stp ; --            ; --          ; --         ;
+------------------------+----------+---------------+-------------+------------+


+----------------------------------------+
; Flow Elapsed Time                      ;
+-------------------------+--------------+
; Module Name             ; Elapsed Time ;
+-------------------------+--------------+
; Analysis & Synthesis    ; 00:02:23     ;
; Fitter                  ; 00:02:40     ;
; Assembler               ; 00:00:22     ;
; Classic Timing Analyzer ; 00:00:12     ;
; Total                   ; 00:05:37     ;
+-------------------------+--------------+


------------
; Flow Log ;
------------
quartus_map --read_settings_files=on --write_settings_files=off DTMF -c DTMF
quartus_fit --read_settings_files=off --write_settings_files=off DTMF -c DTMF
quartus_asm --read_settings_files=off --write_settings_files=off DTMF -c DTMF
quartus_tan --read_settings_files=off --write_settings_files=off DTMF -c DTMF --timing_analysis_only



